512-batch-128x2048
25908.2
512-batch-512x256
5576.8
512-batch-512x1024
24275.8
512-batch-2048x512
35538.4
512-batch-256x512
6554.4
512-batch-2048x4096
815628.0
512-batch-1024x1024
39156.2
512-batch-256x1024
16451.6
512-batch-256x128
1511.8
512-batch-4096x4096
1587610.0
512-batch-1024x512
19229.0
512-batch-1024x4096
378608.0
512-batch-128x4096
51807.0
512-batch-1024x2048
180616.0
512-batch-512x128
2783.4
512-batch-512x4096
200759.0
512-batch-256x2048
33208.2
512-batch-256x256
3065.8
512-batch-2048x1024
171752.0
512-batch-2048x2048
350344.0
512-batch-2048x128
11722.0
512-batch-128x1024
12808.6
512-batch-4096x128
23238.0
512-batch-4096x2048
797401.0
512-batch-512x2048
48032.6
512-batch-4096x1024
340213.0
512-batch-512x512
11031.4
512-batch-128x256
1854.0
512-batch-256x4096
66098.0
512-batch-1024x256
10525.2
512-batch-1024x128
6316.2
512-batch-128x512
4737.4
512-batch-4096x512
169757.0
512-batch-2048x256
19441.4
512-batch-128x128
997.4
512-batch-4096x256
38466.2
