512-batch-128x2048
18227.2
512-batch-512x256
8993.4
512-batch-512x1024
34282.4
512-batch-2048x512
200350.0
512-batch-256x512
8701.2
512-batch-2048x4096
1576550.0
512-batch-1024x1024
70113.4
512-batch-256x1024
17368.8
512-batch-256x128
2131.4
512-batch-4096x4096
3143470.0
512-batch-1024x512
36128.4
512-batch-1024x4096
274390.0
512-batch-128x4096
36402.0
512-batch-1024x2048
138195.0
512-batch-512x128
5038.0
512-batch-512x4096
134821.0
512-batch-256x2048
34472.8
512-batch-256x256
4311.2
512-batch-2048x1024
396564.0
512-batch-2048x2048
789945.0
512-batch-2048x128
24051.0
512-batch-128x1024
9078.8
512-batch-4096x128
109997.0
512-batch-4096x2048
1576160.0
512-batch-512x2048
67787.4
512-batch-4096x1024
792325.0
512-batch-512x512
17404.6
512-batch-128x256
1945.0
512-batch-256x4096
68650.0
512-batch-1024x256
19024.6
512-batch-1024x128
10103.8
512-batch-128x512
4389.0
512-batch-4096x512
401058.0
512-batch-2048x256
59040.4
512-batch-128x128
1000.6
512-batch-4096x256
208200.0
