512-batch-128x2048
30182.0
512-batch-512x256
8158.0
512-batch-512x1024
32905.0
512-batch-2048x512
55663.0
512-batch-256x512
8954.0
512-batch-2048x4096
875815.0
512-batch-1024x1024
57570.0
512-batch-256x1024
20816.0
512-batch-256x128
2039.0
512-batch-4096x4096
1716200.0
512-batch-1024x512
28766.0
512-batch-1024x4096
456073.0
512-batch-128x4096
59846.0
512-batch-1024x2048
146178.0
512-batch-512x128
4300.0
512-batch-512x4096
189116.0
512-batch-256x2048
41993.0
512-batch-256x256
4283.0
512-batch-2048x1024
129844.0
512-batch-2048x2048
441268.0
512-batch-2048x128
18229.0
512-batch-128x1024
14922.0
512-batch-4096x128
37285.0
512-batch-4096x2048
863481.0
512-batch-512x2048
65452.0
512-batch-4096x1024
437069.0
512-batch-512x512
15617.0
512-batch-128x256
2160.0
512-batch-256x4096
83135.0
512-batch-1024x256
15572.0
512-batch-1024x128
9258.0
512-batch-128x512
5870.0
512-batch-4096x512
131956.0
512-batch-2048x256
30911.0
512-batch-128x128
1173.0
512-batch-4096x256
60817.0
