512-batch-128x2048
24746.0
512-batch-512x256
6885.0
512-batch-512x1024
28832.0
512-batch-2048x512
47275.0
512-batch-256x512
7038.0
512-batch-2048x4096
354804.0
512-batch-1024x1024
49941.0
512-batch-256x1024
17158.0
512-batch-256x128
1612.0
512-batch-4096x4096
806378.0
512-batch-1024x512
24981.0
512-batch-1024x4096
193608.0
512-batch-128x4096
49062.0
512-batch-1024x2048
98041.0
512-batch-512x128
3533.0
512-batch-512x4096
112708.0
512-batch-256x2048
34284.0
512-batch-256x256
3342.0
512-batch-2048x1024
91926.0
512-batch-2048x2048
179751.0
512-batch-2048x128
15067.0
512-batch-128x1024
12431.0
512-batch-4096x128
34867.0
512-batch-4096x2048
407999.0
512-batch-512x2048
56971.0
512-batch-4096x1024
208725.0
512-batch-512x512
13503.0
512-batch-128x256
1732.0
512-batch-256x4096
67834.0
512-batch-1024x256
13405.0
512-batch-1024x128
7820.0
512-batch-128x512
4641.0
512-batch-4096x512
108377.0
512-batch-2048x256
25617.0
512-batch-128x128
931.0
512-batch-4096x256
59367.0
