512-batch-128x2048
28321.6
512-batch-512x256
5946.2
512-batch-512x1024
25406.6
512-batch-2048x512
36578.6
512-batch-256x512
7124.0
512-batch-2048x4096
798293.0
512-batch-1024x1024
40614.0
512-batch-256x1024
17602.4
512-batch-256x128
1651.0
512-batch-4096x4096
1548030.0
512-batch-1024x512
19970.0
512-batch-1024x4096
422457.0
512-batch-128x4096
56601.8
512-batch-1024x2048
98851.2
512-batch-512x128
3028.8
512-batch-512x4096
135094.0
512-batch-256x2048
35628.2
512-batch-256x256
3397.2
512-batch-2048x1024
83616.4
512-batch-2048x2048
401490.0
512-batch-2048x128
12462.6
512-batch-128x1024
13983.2
512-batch-4096x128
25133.4
512-batch-4096x2048
778215.0
512-batch-512x2048
50540.8
512-batch-4096x1024
393182.0
512-batch-512x512
11651.8
512-batch-128x256
2119.8
512-batch-256x4096
70936.6
512-batch-1024x256
10945.0
512-batch-1024x128
6599.2
512-batch-128x512
5290.2
512-batch-4096x512
82576.0
512-batch-2048x256
20524.0
512-batch-128x128
1128.0
512-batch-4096x256
40028.2
