512-batch-128x2048
25918.0
512-batch-512x256
5591.0
512-batch-512x1024
24274.0
512-batch-2048x512
35560.0
512-batch-256x512
6567.0
512-batch-2048x4096
815640.0
512-batch-1024x1024
39166.0
512-batch-256x1024
16457.0
512-batch-256x128
1519.0
512-batch-4096x4096
1587650.0
512-batch-1024x512
19240.0
512-batch-1024x4096
378640.0
512-batch-128x4096
51818.0
512-batch-1024x2048
180624.0
512-batch-512x128
2800.0
512-batch-512x4096
200753.0
512-batch-256x2048
33207.0
512-batch-256x256
3073.0
512-batch-2048x1024
171779.0
512-batch-2048x2048
350355.0
512-batch-2048x128
11743.0
512-batch-128x1024
12813.0
512-batch-4096x128
23283.0
512-batch-4096x2048
797428.0
512-batch-512x2048
48049.0
512-batch-4096x1024
340255.0
512-batch-512x512
11043.0
512-batch-128x256
1859.0
512-batch-256x4096
66111.0
512-batch-1024x256
10538.0
512-batch-1024x128
6324.0
512-batch-128x512
4745.0
512-batch-4096x512
169786.0
512-batch-2048x256
19464.0
512-batch-128x128
1001.0
512-batch-4096x256
38512.0
