512-batch-128x2048
24735.0
512-batch-512x256
6869.6
512-batch-512x1024
28840.2
512-batch-2048x512
47238.8
512-batch-256x512
7024.4
512-batch-2048x4096
354738.0
512-batch-1024x1024
49928.4
512-batch-256x1024
17154.8
512-batch-256x128
1598.0
512-batch-4096x4096
806374.0
512-batch-1024x512
24977.0
512-batch-1024x4096
193568.0
512-batch-128x4096
49039.8
512-batch-1024x2048
98022.6
512-batch-512x128
3518.8
512-batch-512x4096
112690.0
512-batch-256x2048
34260.8
512-batch-256x256
3330.6
512-batch-2048x1024
91884.6
512-batch-2048x2048
179705.0
512-batch-2048x128
15032.8
512-batch-128x1024
12421.0
512-batch-4096x128
34845.4
512-batch-4096x2048
408006.0
512-batch-512x2048
56988.6
512-batch-4096x1024
208682.0
512-batch-512x512
13494.2
512-batch-128x256
1723.0
512-batch-256x4096
67833.2
512-batch-1024x256
13397.4
512-batch-1024x128
7811.2
512-batch-128x512
4633.8
512-batch-4096x512
108341.0
512-batch-2048x256
25579.8
512-batch-128x128
928.2
512-batch-4096x256
59340.8
