512-batch-128x2048
30159.6
512-batch-512x256
8145.2
512-batch-512x1024
32920.4
512-batch-2048x512
55662.4
512-batch-256x512
8935.4
512-batch-2048x4096
875831.0
512-batch-1024x1024
57572.4
512-batch-256x1024
20814.6
512-batch-256x128
2018.4
512-batch-4096x4096
1716180.0
512-batch-1024x512
28769.6
512-batch-1024x4096
456167.0
512-batch-128x4096
59847.2
512-batch-1024x2048
146166.0
512-batch-512x128
4281.0
512-batch-512x4096
189086.0
512-batch-256x2048
41985.6
512-batch-256x256
4279.2
512-batch-2048x1024
129854.0
512-batch-2048x2048
441260.0
512-batch-2048x128
18215.6
512-batch-128x1024
14907.0
512-batch-4096x128
37290.6
512-batch-4096x2048
863516.0
512-batch-512x2048
65447.6
512-batch-4096x1024
437057.0
512-batch-512x512
15611.6
512-batch-128x256
2150.0
512-batch-256x4096
83128.4
512-batch-1024x256
15568.8
512-batch-1024x128
9250.8
512-batch-128x512
5872.8
512-batch-4096x512
131953.0
512-batch-2048x256
30902.2
512-batch-128x128
1169.8
512-batch-4096x256
60788.8
