512-batch-128x2048
36415.2
512-batch-512x256
8433.4
512-batch-512x1024
35074.8
512-batch-2048x512
53597.8
512-batch-256x512
10291.8
512-batch-2048x4096
414810.0
512-batch-1024x1024
58114.2
512-batch-256x1024
23918.0
512-batch-256x128
2298.0
512-batch-4096x4096
800023.0
512-batch-1024x512
28961.8
512-batch-1024x4096
229369.0
512-batch-128x4096
72394.8
512-batch-1024x2048
115768.0
512-batch-512x128
4270.2
512-batch-512x4096
139416.0
512-batch-256x2048
48158.8
512-batch-256x256
4682.4
512-batch-2048x1024
105603.0
512-batch-2048x2048
209574.0
512-batch-2048x128
16330.4
512-batch-128x1024
17836.2
512-batch-4096x128
31460.8
512-batch-4096x2048
404114.0
512-batch-512x2048
70348.6
512-batch-4096x1024
203530.0
512-batch-512x512
16768.6
512-batch-128x256
2874.2
512-batch-256x4096
95546.6
512-batch-1024x256
15309.0
512-batch-1024x128
8732.2
512-batch-128x512
7280.0
512-batch-4096x512
105094.0
512-batch-2048x256
28335.4
512-batch-128x128
1504.8
512-batch-4096x256
56232.0
