512-batch-128x2048
28171.6
512-batch-512x256
5735.8
512-batch-512x1024
25067.0
512-batch-2048x512
34816.6
512-batch-256x512
7024.8
512-batch-2048x4096
797058.0
512-batch-1024x1024
39459.4
512-batch-256x1024
17632.6
512-batch-256x128
1622.2
512-batch-4096x4096
1546090.0
512-batch-1024x512
19234.8
512-batch-1024x4096
421699.0
512-batch-128x4096
55902.8
512-batch-1024x2048
95429.8
512-batch-512x128
2863.0
512-batch-512x4096
132629.0
512-batch-256x2048
35196.4
512-batch-256x256
3265.0
512-batch-2048x1024
77626.0
512-batch-2048x2048
400758.0
512-batch-2048x128
11626.8
512-batch-128x1024
13829.6
512-batch-4096x128
22303.2
512-batch-4096x2048
776887.0
512-batch-512x2048
49660.8
512-batch-4096x1024
391733.0
512-batch-512x512
11353.4
512-batch-128x256
2082.8
512-batch-256x4096
69706.4
512-batch-1024x256
10601.6
512-batch-1024x128
6324.4
512-batch-128x512
5213.8
512-batch-4096x512
71162.8
512-batch-2048x256
19267.0
512-batch-128x128
1099.6
512-batch-4096x256
36739.0
