512-batch-128x2048
28161.0
512-batch-512x256
5752.0
512-batch-512x1024
25074.0
512-batch-2048x512
34827.0
512-batch-256x512
7036.0
512-batch-2048x4096
797081.0
512-batch-1024x1024
39465.0
512-batch-256x1024
17631.0
512-batch-256x128
1629.0
512-batch-4096x4096
1546110.0
512-batch-1024x512
19241.0
512-batch-1024x4096
421715.0
512-batch-128x4096
55905.0
512-batch-1024x2048
95439.0
512-batch-512x128
2881.0
512-batch-512x4096
132649.0
512-batch-256x2048
35197.0
512-batch-256x256
3273.0
512-batch-2048x1024
77653.0
512-batch-2048x2048
400775.0
512-batch-2048x128
11650.0
512-batch-128x1024
13823.0
512-batch-4096x128
22348.0
512-batch-4096x2048
776915.0
512-batch-512x2048
49668.0
512-batch-4096x1024
391765.0
512-batch-512x512
11365.0
512-batch-128x256
2089.0
512-batch-256x4096
69701.0
512-batch-1024x256
10609.0
512-batch-1024x128
6335.0
512-batch-128x512
5220.0
512-batch-4096x512
71199.0
512-batch-2048x256
19290.0
512-batch-128x128
1103.0
512-batch-4096x256
36776.0
