512-batch-128x2048
36413.0
512-batch-512x256
8447.0
512-batch-512x1024
35092.0
512-batch-2048x512
53623.0
512-batch-256x512
10307.0
512-batch-2048x4096
414874.0
512-batch-1024x1024
58133.0
512-batch-256x1024
23926.0
512-batch-256x128
2383.0
512-batch-4096x4096
800251.0
512-batch-1024x512
28976.0
512-batch-1024x4096
229390.0
512-batch-128x4096
72395.0
512-batch-1024x2048
115775.0
512-batch-512x128
4289.0
512-batch-512x4096
139446.0
512-batch-256x2048
48169.0
512-batch-256x256
4719.0
512-batch-2048x1024
105647.0
512-batch-2048x2048
209616.0
512-batch-2048x128
16357.0
512-batch-128x1024
17832.0
512-batch-4096x128
31499.0
512-batch-4096x2048
404205.0
512-batch-512x2048
70361.0
512-batch-4096x1024
203616.0
512-batch-512x512
16777.0
512-batch-128x256
2925.0
512-batch-256x4096
95566.0
512-batch-1024x256
15324.0
512-batch-1024x128
8744.0
512-batch-128x512
7285.0
512-batch-4096x512
105149.0
512-batch-2048x256
28362.0
512-batch-128x128
1544.0
512-batch-4096x256
56280.0
