512-batch-128x2048
18306.0
512-batch-512x256
9027.0
512-batch-512x1024
34347.0
512-batch-2048x512
200513.0
512-batch-256x512
8800.0
512-batch-2048x4096
1577280.0
512-batch-1024x1024
70233.0
512-batch-256x1024
17387.0
512-batch-256x128
2374.0
512-batch-4096x4096
3145050.0
512-batch-1024x512
36209.0
512-batch-1024x4096
274753.0
512-batch-128x4096
36491.0
512-batch-1024x2048
138392.0
512-batch-512x128
5065.0
512-batch-512x4096
135000.0
512-batch-256x2048
34494.0
512-batch-256x256
4551.0
512-batch-2048x1024
396822.0
512-batch-2048x2048
790367.0
512-batch-2048x128
24163.0
512-batch-128x1024
9213.0
512-batch-4096x128
110219.0
512-batch-4096x2048
1576990.0
512-batch-512x2048
67879.0
512-batch-4096x1024
792847.0
512-batch-512x512
17459.0
512-batch-128x256
2067.0
512-batch-256x4096
68723.0
512-batch-1024x256
19096.0
512-batch-1024x128
10156.0
512-batch-128x512
4644.0
512-batch-4096x512
401411.0
512-batch-2048x256
59166.0
512-batch-128x128
1091.0
512-batch-4096x256
208460.0
