512-batch-128x2048
28320.0
512-batch-512x256
5959.0
512-batch-512x1024
25418.0
512-batch-2048x512
36613.0
512-batch-256x512
7136.0
512-batch-2048x4096
798312.0
512-batch-1024x1024
40607.0
512-batch-256x1024
17607.0
512-batch-256x128
1661.0
512-batch-4096x4096
1548070.0
512-batch-1024x512
19975.0
512-batch-1024x4096
422442.0
512-batch-128x4096
56600.0
512-batch-1024x2048
98848.0
512-batch-512x128
3045.0
512-batch-512x4096
135109.0
512-batch-256x2048
35632.0
512-batch-256x256
3405.0
512-batch-2048x1024
83650.0
512-batch-2048x2048
401527.0
512-batch-2048x128
12503.0
512-batch-128x1024
13989.0
512-batch-4096x128
25158.0
512-batch-4096x2048
778237.0
512-batch-512x2048
50534.0
512-batch-4096x1024
393218.0
512-batch-512x512
11658.0
512-batch-128x256
2125.0
512-batch-256x4096
70944.0
512-batch-1024x256
10955.0
512-batch-1024x128
6610.0
512-batch-128x512
5295.0
512-batch-4096x512
82602.0
512-batch-2048x256
20567.0
512-batch-128x128
1131.0
512-batch-4096x256
40059.0
