warn: The `get_runtime_isa` function is deprecated. Please migrate away from using this function.
warn: The `get_runtime_isa` function is deprecated. Please migrate away from using this function.
Global frequency set at 1000000000000 ticks per second
warn: No dot file generated. Please install pydot to generate the dot file and pdf.
build/ARM/mem/dram_interface.cc:690: warn: DRAM device capacity (512 Mbytes) does not match the address range assigned (4096 Mbytes)
build/ARM/base/remote_gdb.cc:416: warn: Sockets disabled, not accepting gdb connections
Redirecting stdout and stderr to ../../SelfDependent-W4A8/model-512-batch-4096x4096/run.log
gem5 Simulator System.  https://www.gem5.org
gem5 is copyrighted software; use the --copyright option for details.

gem5 version 22.1.0.0
gem5 compiled Aug 13 2024 13:34:13
gem5 started Sep  1 2024 20:19:36
gem5 executing on user01, pid 2246199
command line: /home/user01/gem5/build/ARM/gem5.fast --redirect-stdout --stdout-file run.log --stderr-file err.log --listener-mode off -d ../../SelfDependent-W4A8/model-512-batch-4096x4096 /home/user01/gem5/configs/example/se.py -n 1 --mem-size 4GB --mem-type LPDDR3_1600_1x32 --caches --l2cache --cpu-clock 2.45GHz --l1d_size 128kB --l1i_size 128kB --cpu-type ex5_big --interp-dir /usr/aarch64-linux-gnu/ --redirects /lib=/usr/aarch64-linux-gnu/lib --fast-forward 1844674407370955161 --env env -c /home/user01/benchmark_model -o '--graph=/home/user01/different-sizes-fcs-multi-batch-smaller/f32i8/model-512-batch-4096x4096.tflite --use_xnnpack=false --use_caching=true --num_threads=1 --num_runs=1 --warmup_runs=1 --min_secs=1e-09 --warmup_min_secs=1e-09 '

Setting the interpreter path to: /usr/aarch64-linux-gnu/ 
For dynamically linked applications you might still need to setup the --redirects so that libraries are found

Switch at instruction count:1844674407370955161
build/ARM/sim/simulate.cc:192: info: Entering event queue @ 0.  Starting simulation...
build/ARM/sim/syscall_emul.cc:74: warn: ignoring syscall set_robust_list(...)
build/ARM/sim/syscall_emul.cc:74: warn: ignoring syscall rt_sigaction(...)
build/ARM/sim/syscall_emul.cc:74: warn: ignoring syscall rt_sigaction(...)
build/ARM/sim/syscall_emul.cc:85: warn: ignoring syscall rt_sigprocmask(...)
      (further warnings will be suppressed)
build/ARM/sim/mem_state.cc:443: info: Increasing stack size by one page.
STARTING!
build/ARM/sim/mem_state.cc:443: info: Increasing stack size by one page.
build/ARM/sim/mem_state.cc:443: info: Increasing stack size by one page.
build/ARM/sim/mem_state.cc:443: info: Increasing stack size by one page.
Duplicate flags: num_threads
Log parameter values verbosely: [0]
Min num runs: [1]
Min runs duration (seconds): [1e-09]
Num threads: [1]
Use caching: [1]
Min warmup runs: [1]
Min warmup runs duration (seconds): [1e-09]
Graph: [/home/user01/different-sizes-fcs-multi-batch-smaller/f32i8/model-512-batch-4096x4096.tflite]
#threads used for CPU inference: [1]
Use xnnpack: [0]
Loaded model /home/user01/different-sizes-fcs-multi-batch-smaller/f32i8/model-512-batch-4096x4096.tflite
build/ARM/sim/mem_state.cc:443: info: Increasing stack size by one page.
INFO: Initialized TensorFlow Lite runtime.
Applying FC Low-Precision for Kernel shape (4096, 4096, ), Input shape (512, 4096, ), Output shape (512, 4096, ), ID: 0, Method: SelfDependentW4A8
	Allocating Filter Shape: (2048, 4096, ) DONE
	Preparing Filter With Shape: (4096, 4096, ) DONE
	Allocating An Input Temporary Tensor With Shape: (512, 4096, ) DONE
The input model file size (MB): 16.7782
Initialized session in 1.67ms.
Running benchmark for at least 1 iterations and at least 1e-09 seconds but terminate if exceeding 150 seconds.
count=1 curr=646315

Running benchmark for at least 1 iterations and at least 1e-09 seconds but terminate if exceeding 150 seconds.
build/ARM/sim/power_state.cc:105: warn: PowerState: Already in the requested power state, request ignored
build/ARM/arch/arm/isa.hh:210: warn: User mode does not have SPSR
build/ARM/arch/arm/isa.hh:210: warn: User mode does not have SPSR
Switched CPUS @ tick 682465345440
switching cpus
**** REAL SIMULATION ****
build/ARM/sim/simulate.cc:192: info: Entering event queue @ 682465345440.  Starting simulation...
count=1 curr=1548066

Inference timings in us: Init: 1670, First inference: 646315, Warmup (avg): 646315, Inference (avg): 1.54807e+06
Note: as the benchmark tool itself affects memory footprint, the following is only APPROXIMATE to the actual memory footprint of the model at runtime. Take the information at your discretion.
Memory footprint delta from the start of the tool (MB): init=0 overall=0
Total GEMM API Timing   : 2.1392e+06
	GEMM            : 2.13651e+06
	Input  Packing  : 2689.45
	Filter Packing  : 1450.27
	Output Packing  : 0.035
	Output UnPacking: 0.031
	Input  Padding  : 0.053
	Filter Padding  : 0.016
	Output Padding  : 0.397
	Output UnPadding: 0.056
Exiting @ tick 2244564051840 because exiting with last active thread context
